<?xml version="1.0" encoding="UTF-8"?>
<!-- Generated by org.testng.reporters.JUnitReportReporter -->
<testsuite hostname="LAPTOP-EE6J4Q32" name="test.CustomerServiceOutlets_Test" tests="1" failures="0" timestamp="21 Oct 2020 17:06:04 GMT" time="21.780" errors="0">
  <testcase name="ticketvendingmachine" time="21.780" classname="test.CustomerServiceOutlets_Test"/>
</testsuite> <!-- test.CustomerServiceOutlets_Test -->
