<?xml version="1.0" encoding="UTF-8"?>
<!-- Generated by org.testng.reporters.JUnitReportReporter -->
<testsuite hostname="LAPTOP-EE6J4Q32" name="test.TakeOurSurvey_Test" tests="1" failures="0" timestamp="21 Oct 2020 17:43:58 GMT" time="23.619" errors="0">
  <testcase name="takeoursurvey" time="23.619" classname="test.TakeOurSurvey_Test"/>
</testsuite> <!-- test.TakeOurSurvey_Test -->
