<?xml version="1.0" encoding="UTF-8"?>
<!-- Generated by org.testng.reporters.JUnitReportReporter -->
<testsuite hostname="LAPTOP-EE6J4Q32" name="test.SignIn_Test" tests="1" failures="0" timestamp="21 Oct 2020 18:15:28 GMT" time="44.191" errors="0">
  <testcase name="signup" time="44.191" classname="test.SignIn_Test"/>
</testsuite> <!-- test.SignIn_Test -->
